Command line invocation:
    /Applications/Xcode.app/Contents/Developer/usr/bin/xcodebuild build -project /Users/emanuelalvesdemedeiros/projetos/swift/ManelAnimang/Animang.xcodeproj -scheme Animang -destination id=00008110-001814EA22FB801E -parallelizeTargets

User defaults from command line:
    IDEPackageSupportUseBuiltinSCM = YES

Resolve Package Graph


Resolved source packages:
  SwiftSoup: https://github.com/scinfu/SwiftSoup @ 2.7.3

Prepare packages

ComputeTargetDependencyGraph
note: Building targets in dependency order
note: Target dependency graph (4 targets)
    Target 'Animang' in project 'Animang'
        ➜ Explicit dependency on target 'SwiftSoup' in project 'SwiftSoup'
    Target 'SwiftSoup' in project 'SwiftSoup'
        ➜ Explicit dependency on target 'SwiftSoup' in project 'SwiftSoup'
        ➜ Explicit dependency on target 'SwiftSoup_SwiftSoup' in project 'SwiftSoup'
    Target 'SwiftSoup' in project 'SwiftSoup'
        ➜ Explicit dependency on target 'SwiftSoup_SwiftSoup' in project 'SwiftSoup'
    Target 'SwiftSoup_SwiftSoup' in project 'SwiftSoup' (no dependencies)

GatherProvisioningInputs

CreateBuildDescription

ClangStatCache /Applications/Xcode.app/Contents/Developer/Toolchains/XcodeDefault.xctoolchain/usr/bin/clang-stat-cache /Applications/Xcode.app/Contents/Developer/Platforms/iPhoneOS.platform/Developer/SDKs/iPhoneOS17.5.sdk /Users/emanuelalvesdemedeiros/Library/Developer/Xcode/DerivedData/SDKStatCaches.noindex/iphoneos17.5-21F77-f6b513226ab75d8b6e514a3d72c62b80.sdkstatcache
    cd /Users/emanuelalvesdemedeiros/projetos/swift/ManelAnimang/Animang.xcodeproj
    /Applications/Xcode.app/Contents/Developer/Toolchains/XcodeDefault.xctoolchain/usr/bin/clang-stat-cache /Applications/Xcode.app/Contents/Developer/Platforms/iPhoneOS.platform/Developer/SDKs/iPhoneOS17.5.sdk -o /Users/emanuelalvesdemedeiros/Library/Developer/Xcode/DerivedData/SDKStatCaches.noindex/iphoneos17.5-21F77-f6b513226ab75d8b6e514a3d72c62b80.sdkstatcache

** BUILD SUCCEEDED **


